<?xml version="1.0" encoding="UTF-8" ?>
<testsuite tests="134" failures="0" name="com.thesoftwareguild.mavendvdlibrary.dao.DvdTestSuite" time="2.024" errors="0" skipped="0">
  <properties>
[...]
</properties>
  <testcase classname="com.thesoftwareguild.mavendvdlibrary.dao.DvdTestsSena" name="testSearchByStudio" time="0.447"/>
  <testcase classname="com.thesoftwareguild.mavendvdlibrary.dao.DvdTestsSena" name="testSearchByTitle2" time="0.036"/>
  <testcase classname="com.thesoftwareguild.mavendvdlibrary.dao.DvdTestsSena" name="testSearchByTitle3" time="0.033"/>
  <testcase classname="com.thesoftwareguild.mavendvdlibrary.dao.DvdTestsSena" name="testSearchNewerThanYear" time="0.032"/>
  <testcase classname="com.thesoftwareguild.mavendvdlibrary.dao.DvdTestsSena" name="testSearchNewerThanYear2" time="0.033"/>
  <testcase classname="com.thesoftwareguild.mavendvdlibrary.dao.DvdTestsSena" name="testSearchNewerThanYear3" time="0.028"/>
  <testcase classname="com.thesoftwareguild.mavendvdlibrary.dao.DvdTestsSena" name="testGet" time="0.037"/>
  <testcase classname="com.thesoftwareguild.mavendvdlibrary.dao.DvdTestsSena" name="testList2" time="0.026"/>
  <testcase classname="com.thesoftwareguild.mavendvdlibrary.dao.DvdTestsSena" name="testList3" time="0.025"/>
  <testcase classname="com.thesoftwareguild.mavendvdlibrary.dao.DvdTestsSena" name="testList4" time="0.022"/>
  <testcase classname="com.thesoftwareguild.mavendvdlibrary.dao.DvdTestsSena" name="testGet2" time="0.02"/>
  <testcase classname="com.thesoftwareguild.mavendvdlibrary.dao.DvdTestsSena" name="testGet3" time="0.021"/>
  <testcase classname="com.thesoftwareguild.mavendvdlibrary.dao.DvdTestsSena" name="testList" time="0.022"/>
  <testcase classname="com.thesoftwareguild.mavendvdlibrary.dao.DvdTestsSena" name="testSearchByDirector2" time="0.054"/>
  <testcase classname="com.thesoftwareguild.mavendvdlibrary.dao.DvdTestsSena" name="testSearchByDirector3" time="0.021"/>
  <testcase classname="com.thesoftwareguild.mavendvdlibrary.dao.DvdTestsSena" name="testSearchByDirector4" time="0.023"/>
  <testcase classname="com.thesoftwareguild.mavendvdlibrary.dao.DvdTestsSena" name="testSearchByTitle" time="0.018"/>
  <testcase classname="com.thesoftwareguild.mavendvdlibrary.dao.DvdTestsSena" name="testUpdate2" time="0.019"/>
  <testcase classname="com.thesoftwareguild.mavendvdlibrary.dao.DvdTestsSena" name="testUpdate3" time="0.019"/>
  <testcase classname="com.thesoftwareguild.mavendvdlibrary.dao.DvdTestsSena" name="testUpdate4" time="0.017"/>
  <testcase classname="com.thesoftwareguild.mavendvdlibrary.dao.DvdTestsSena" name="testUpdate5" time="0.018"/>
  <testcase classname="com.thesoftwareguild.mavendvdlibrary.dao.DvdTestsSena" name="testUpdate6" time="0.022"/>
  <testcase classname="com.thesoftwareguild.mavendvdlibrary.dao.DvdTestsSena" name="testFindNewestDvd2" time="0.024"/>
  <testcase classname="com.thesoftwareguild.mavendvdlibrary.dao.DvdTestsSena" name="testFindNewestDvd3" time="0.02"/>
  <testcase classname="com.thesoftwareguild.mavendvdlibrary.dao.DvdTestsSena" name="testSearchByDirector" time="0.018"/>
  <testcase classname="com.thesoftwareguild.mavendvdlibrary.dao.DvdTestsSena" name="testFindOldestDvd" time="0.019"/>
  <testcase classname="com.thesoftwareguild.mavendvdlibrary.dao.DvdTestsSena" name="testSearchByMpaaRating2" time="0.03"/>
  <testcase classname="com.thesoftwareguild.mavendvdlibrary.dao.DvdTestsSena" name="testSearchByMpaaRating3" time="0.014"/>
  <testcase classname="com.thesoftwareguild.mavendvdlibrary.dao.DvdTestsSena" name="testGetAverageAge2" time="0.019"/>
  <testcase classname="com.thesoftwareguild.mavendvdlibrary.dao.DvdTestsSena" name="testGetAverageAge3" time="0.015"/>
  <testcase classname="com.thesoftwareguild.mavendvdlibrary.dao.DvdTestsSena" name="testSearchByMpaaRating" time="0.013"/>
  <testcase classname="com.thesoftwareguild.mavendvdlibrary.dao.DvdTestsSena" name="testCreate1" time="0.015"/>
  <testcase classname="com.thesoftwareguild.mavendvdlibrary.dao.DvdTestsSena" name="testCreate2" time="0.013"/>
  <testcase classname="com.thesoftwareguild.mavendvdlibrary.dao.DvdTestsSena" name="testFindOldestDvd2" time="0.017"/>
  <testcase classname="com.thesoftwareguild.mavendvdlibrary.dao.DvdTestsSena" name="testFindOldestDvd3" time="0.017"/>
  <testcase classname="com.thesoftwareguild.mavendvdlibrary.dao.DvdTestsSena" name="testGetAverageNumberOfNotes2" time="0.029"/>
  <testcase classname="com.thesoftwareguild.mavendvdlibrary.dao.DvdTestsSena" name="testGetAverageNumberOfNotes3" time="0.039"/>
  <testcase classname="com.thesoftwareguild.mavendvdlibrary.dao.DvdTestsSena" name="testGetAverageNumberOfNotes4" time="0.014"/>
  <testcase classname="com.thesoftwareguild.mavendvdlibrary.dao.DvdTestsSena" name="testGetAverageNumberOfNotes5" time="0.014"/>
  <testcase classname="com.thesoftwareguild.mavendvdlibrary.dao.DvdTestsSena" name="testDelete2" time="0.011"/>
  <testcase classname="com.thesoftwareguild.mavendvdlibrary.dao.DvdTestsSena" name="testDelete" time="0.01"/>
  <testcase classname="com.thesoftwareguild.mavendvdlibrary.dao.DvdTestsSena" name="testGetAverageNumberOfNotes" time="0.011"/>
  <testcase classname="com.thesoftwareguild.mavendvdlibrary.dao.DvdTestsSena" name="testSearchByStudio2" time="0.014"/>
  <testcase classname="com.thesoftwareguild.mavendvdlibrary.dao.DvdTestsSena" name="testSearchByStudio3" time="0.012"/>
  <testcase classname="com.thesoftwareguild.mavendvdlibrary.dao.DvdTestsSena" name="testSearchByStudio4" time="0.011"/>
  <testcase classname="com.thesoftwareguild.mavendvdlibrary.dao.DvdTestsSena" name="testUpdate" time="0.014"/>
  <testcase classname="com.thesoftwareguild.mavendvdlibrary.dao.DvdTestsSena" name="testFindNewestDvd" time="0.014"/>
  <testcase classname="com.thesoftwareguild.mavendvdlibrary.dao.DvdTestsSena" name="testGetAverageAge" time="0.023"/>
  <testcase classname="com.thesoftwareguild.mavendvdlibrary.dao.DvdLibraryDaoTest" name="testSearchByStudio" time="0.024"/>
  <testcase classname="com.thesoftwareguild.mavendvdlibrary.dao.DvdLibraryDaoTest" name="testSearchNewerThanYear" time="0.025"/>
  <testcase classname="com.thesoftwareguild.mavendvdlibrary.dao.DvdLibraryDaoTest" name="testGet" time="0.019"/>
  <testcase classname="com.thesoftwareguild.mavendvdlibrary.dao.DvdLibraryDaoTest" name="getDvdByIdTest" time="0.018"/>
  <testcase classname="com.thesoftwareguild.mavendvdlibrary.dao.DvdLibraryDaoTest" name="testSearchByTitle" time="0.013"/>
  <testcase classname="com.thesoftwareguild.mavendvdlibrary.dao.DvdLibraryDaoTest" name="testSearchByDirector" time="0.013"/>
  <testcase classname="com.thesoftwareguild.mavendvdlibrary.dao.DvdLibraryDaoTest" name="testFindOldestDvd" time="0.012"/>
  <testcase classname="com.thesoftwareguild.mavendvdlibrary.dao.DvdLibraryDaoTest" name="searchByTitleTest" time="0.012"/>
  <testcase classname="com.thesoftwareguild.mavendvdlibrary.dao.DvdLibraryDaoTest" name="testSearchByMpaaRating" time="0.012"/>
  <testcase classname="com.thesoftwareguild.mavendvdlibrary.dao.DvdLibraryDaoTest" name="listAllDvdsTest" time="0.013"/>
  <testcase classname="com.thesoftwareguild.mavendvdlibrary.dao.DvdLibraryDaoTest" name="createCheckIdTest" time="0.012"/>
  <testcase classname="com.thesoftwareguild.mavendvdlibrary.dao.DvdLibraryDaoTest" name="testGetAverageNumberOfNotes" time="0.013"/>
  <testcase classname="com.thesoftwareguild.mavendvdlibrary.dao.DvdLibraryDaoTest" name="deleteTest" time="0.013"/>
  <testcase classname="com.thesoftwareguild.mavendvdlibrary.dao.DvdLibraryDaoTest" name="testUpdate" time="0.014"/>
  <testcase classname="com.thesoftwareguild.mavendvdlibrary.dao.DvdLibraryDaoTest" name="testFindNewestDvd" time="0.013"/>
  <testcase classname="com.thesoftwareguild.mavendvdlibrary.dao.DvdLibraryDaoTest" name="testGetAverageAge" time="0.013"/>
  <testcase classname="com.thesoftwareguild.mavendvdlibrary.dao.DvdLibraryTestMark" name="testSearchByStudio" time="0.001"/>
  <testcase classname="com.thesoftwareguild.mavendvdlibrary.dao.DvdLibraryTestMark" name="testSearchByTitle2" time="0.001"/>
  <testcase classname="com.thesoftwareguild.mavendvdlibrary.dao.DvdLibraryTestMark" name="testSearchByTitle3" time="0"/>
  <testcase classname="com.thesoftwareguild.mavendvdlibrary.dao.DvdLibraryTestMark" name="testSearchNewerThanYear" time="0"/>
  <testcase classname="com.thesoftwareguild.mavendvdlibrary.dao.DvdLibraryTestMark" name="testSearchNewerThanYear2" time="0.001"/>
  <testcase classname="com.thesoftwareguild.mavendvdlibrary.dao.DvdLibraryTestMark" name="testSearchNewerThanYear3" time="0.001"/>
  <testcase classname="com.thesoftwareguild.mavendvdlibrary.dao.DvdLibraryTestMark" name="testGet" time="0"/>
  <testcase classname="com.thesoftwareguild.mavendvdlibrary.dao.DvdLibraryTestMark" name="testList2" time="0"/>
  <testcase classname="com.thesoftwareguild.mavendvdlibrary.dao.DvdLibraryTestMark" name="testList3" time="0"/>
  <testcase classname="com.thesoftwareguild.mavendvdlibrary.dao.DvdLibraryTestMark" name="testList4" time="0.001"/>
  <testcase classname="com.thesoftwareguild.mavendvdlibrary.dao.DvdLibraryTestMark" name="testGet2" time="0.001"/>
  <testcase classname="com.thesoftwareguild.mavendvdlibrary.dao.DvdLibraryTestMark" name="testGet3" time="0.001"/>
  <testcase classname="com.thesoftwareguild.mavendvdlibrary.dao.DvdLibraryTestMark" name="testList" time="0.004"/>
  <testcase classname="com.thesoftwareguild.mavendvdlibrary.dao.DvdLibraryTestMark" name="testSearchByDirector2" time="0.001"/>
  <testcase classname="com.thesoftwareguild.mavendvdlibrary.dao.DvdLibraryTestMark" name="testSearchByDirector3" time="0.001"/>
  <testcase classname="com.thesoftwareguild.mavendvdlibrary.dao.DvdLibraryTestMark" name="testSearchByDirector4" time="0.002"/>
  <testcase classname="com.thesoftwareguild.mavendvdlibrary.dao.DvdLibraryTestMark" name="testSearchByTitle" time="0.001"/>
  <testcase classname="com.thesoftwareguild.mavendvdlibrary.dao.DvdLibraryTestMark" name="testUpdate2" time="0.001"/>
  <testcase classname="com.thesoftwareguild.mavendvdlibrary.dao.DvdLibraryTestMark" name="testUpdate3" time="0.001"/>
  <testcase classname="com.thesoftwareguild.mavendvdlibrary.dao.DvdLibraryTestMark" name="testUpdate4" time="0.001"/>
  <testcase classname="com.thesoftwareguild.mavendvdlibrary.dao.DvdLibraryTestMark" name="testUpdate5" time="0.003"/>
  <testcase classname="com.thesoftwareguild.mavendvdlibrary.dao.DvdLibraryTestMark" name="testUpdate6" time="0"/>
  <testcase classname="com.thesoftwareguild.mavendvdlibrary.dao.DvdLibraryTestMark" name="testFindNewestDvd2" time="0.001"/>
  <testcase classname="com.thesoftwareguild.mavendvdlibrary.dao.DvdLibraryTestMark" name="testFindNewestDvd3" time="0.002"/>
  <testcase classname="com.thesoftwareguild.mavendvdlibrary.dao.DvdLibraryTestMark" name="testSearchByDirector" time="0.001"/>
  <testcase classname="com.thesoftwareguild.mavendvdlibrary.dao.DvdLibraryTestMark" name="testFindOldestDvd" time="0.001"/>
  <testcase classname="com.thesoftwareguild.mavendvdlibrary.dao.DvdLibraryTestMark" name="testSearchByMpaaRating2" time="0.001"/>
  <testcase classname="com.thesoftwareguild.mavendvdlibrary.dao.DvdLibraryTestMark" name="testSearchByMpaaRating3" time="0"/>
  <testcase classname="com.thesoftwareguild.mavendvdlibrary.dao.DvdLibraryTestMark" name="testGetAverageAge2" time="0.003"/>
  <testcase classname="com.thesoftwareguild.mavendvdlibrary.dao.DvdLibraryTestMark" name="testGetAverageAge3" time="0"/>
  <testcase classname="com.thesoftwareguild.mavendvdlibrary.dao.DvdLibraryTestMark" name="testSearchByMpaaRating" time="0"/>
  <testcase classname="com.thesoftwareguild.mavendvdlibrary.dao.DvdLibraryTestMark" name="testCreate1" time="0"/>
  <testcase classname="com.thesoftwareguild.mavendvdlibrary.dao.DvdLibraryTestMark" name="testCreate3" time="0"/>
  <testcase classname="com.thesoftwareguild.mavendvdlibrary.dao.DvdLibraryTestMark" name="testFindOldestDvd2" time="0"/>
  <testcase classname="com.thesoftwareguild.mavendvdlibrary.dao.DvdLibraryTestMark" name="testFindOldestDvd3" time="0"/>
  <testcase classname="com.thesoftwareguild.mavendvdlibrary.dao.DvdLibraryTestMark" name="testGetAverageNumberOfNotes2" time="0"/>
  <testcase classname="com.thesoftwareguild.mavendvdlibrary.dao.DvdLibraryTestMark" name="testGetAverageNumberOfNotes3" time="0"/>
  <testcase classname="com.thesoftwareguild.mavendvdlibrary.dao.DvdLibraryTestMark" name="testGetAverageNumberOfNotes4" time="0.001"/>
  <testcase classname="com.thesoftwareguild.mavendvdlibrary.dao.DvdLibraryTestMark" name="testGetAverageNumberOfNotes5" time="0"/>
  <testcase classname="com.thesoftwareguild.mavendvdlibrary.dao.DvdLibraryTestMark" name="testDelete2" time="0"/>
  <testcase classname="com.thesoftwareguild.mavendvdlibrary.dao.DvdLibraryTestMark" name="testDelete" time="0"/>
  <testcase classname="com.thesoftwareguild.mavendvdlibrary.dao.DvdLibraryTestMark" name="testGetAverageNumberOfNotes" time="0.001"/>
  <testcase classname="com.thesoftwareguild.mavendvdlibrary.dao.DvdLibraryTestMark" name="testSearchByStudio2" time="0.003"/>
  <testcase classname="com.thesoftwareguild.mavendvdlibrary.dao.DvdLibraryTestMark" name="testSearchByStudio3" time="0"/>
  <testcase classname="com.thesoftwareguild.mavendvdlibrary.dao.DvdLibraryTestMark" name="testSearchByStudio4" time="0.001"/>
  <testcase classname="com.thesoftwareguild.mavendvdlibrary.dao.DvdLibraryTestMark" name="testUpdate" time="0"/>
  <testcase classname="com.thesoftwareguild.mavendvdlibrary.dao.DvdLibraryTestMark" name="testFindNewestDvd" time="0.002"/>
  <testcase classname="com.thesoftwareguild.mavendvdlibrary.dao.DvdLibraryTestMark" name="testGetAverageAge" time="0.001"/>
  <testcase classname="com.thesoftwareguild.mavendvdlibrary.dao.YanDVDLibraryTest" name="findNewest" time="0.015"/>
  <testcase classname="com.thesoftwareguild.mavendvdlibrary.dao.YanDVDLibraryTest" name="findOldest" time="0.012"/>
  <testcase classname="com.thesoftwareguild.mavendvdlibrary.dao.YanDVDLibraryTest" name="inLastNYears" time="0.012"/>
  <testcase classname="com.thesoftwareguild.mavendvdlibrary.dao.YanDVDLibraryTest" name="getAveAge" time="0.012"/>
  <testcase classname="com.thesoftwareguild.mavendvdlibrary.dao.YanDVDLibraryTest" name="listTest" time="0.011"/>
  <testcase classname="com.thesoftwareguild.mavendvdlibrary.dao.YanDVDLibraryTest" name="searchByMPAARating" time="0.008"/>
  <testcase classname="com.thesoftwareguild.mavendvdlibrary.dao.YanDVDLibraryTest" name="aveNotes" time="0.044"/>
  <testcase classname="com.thesoftwareguild.mavendvdlibrary.dao.YanDVDLibraryTest" name="aveNotes2" time="0.011"/>
  <testcase classname="com.thesoftwareguild.mavendvdlibrary.dao.DvdTestsDamien" name="testSearchByStudio" time="0.011"/>
  <testcase classname="com.thesoftwareguild.mavendvdlibrary.dao.DvdTestsDamien" name="testSearchNewerThanYear" time="0.01"/>
  <testcase classname="com.thesoftwareguild.mavendvdlibrary.dao.DvdTestsDamien" name="getDvdByIdTest" time="0.011"/>
  <testcase classname="com.thesoftwareguild.mavendvdlibrary.dao.DvdTestsDamien" name="testSearchByTitle" time="0.012"/>
  <testcase classname="com.thesoftwareguild.mavendvdlibrary.dao.DvdTestsDamien" name="testSearchByDirector" time="0.014"/>
  <testcase classname="com.thesoftwareguild.mavendvdlibrary.dao.DvdTestsDamien" name="testFindOldestDvd" time="0.014"/>
  <testcase classname="com.thesoftwareguild.mavendvdlibrary.dao.DvdTestsDamien" name="searchByTitleTest" time="0.013"/>
  <testcase classname="com.thesoftwareguild.mavendvdlibrary.dao.DvdTestsDamien" name="testSearchByMpaaRating" time="0.027"/>
  <testcase classname="com.thesoftwareguild.mavendvdlibrary.dao.DvdTestsDamien" name="listAllDvdsTest" time="0.014"/>
  <testcase classname="com.thesoftwareguild.mavendvdlibrary.dao.DvdTestsDamien" name="testGetAverageNumberOfNotes" time="0.01"/>
  <testcase classname="com.thesoftwareguild.mavendvdlibrary.dao.DvdTestsDamien" name="deleteTest" time="0.009"/>
  <testcase classname="com.thesoftwareguild.mavendvdlibrary.dao.DvdTestsDamien" name="testUpdate" time="0.009"/>
  <testcase classname="com.thesoftwareguild.mavendvdlibrary.dao.DvdTestsDamien" name="testFindNewestDvd" time="0.01"/>
  <testcase classname="com.thesoftwareguild.mavendvdlibrary.dao.DvdTestsDamien" name="testGetAverageAge" time="0.013"/>
</testsuite>